[debug] [2025-09-30T02:05:20.382Z] ----------------------------------------------------------------------
[debug] [2025-09-30T02:05:20.383Z] Command:       C:\Program Files\nodejs\node.exe C:\Users\andre\AppData\Roaming\npm\node_modules\firebase-tools\lib\bin\firebase.js serve
[debug] [2025-09-30T02:05:20.383Z] CLI Version:   13.34.0
[debug] [2025-09-30T02:05:20.383Z] Platform:      win32
[debug] [2025-09-30T02:05:20.383Z] Node Version:  v22.12.0
[debug] [2025-09-30T02:05:20.383Z] Time:          Mon Sep 29 2025 19:05:20 GMT-0700 (Pacific Daylight Time)
[debug] [2025-09-30T02:05:20.384Z] ----------------------------------------------------------------------
[debug] 
[debug] [2025-09-30T02:05:20.492Z] > command requires scopes: ["email","openid","https://www.googleapis.com/auth/cloudplatformprojects.readonly","https://www.googleapis.com/auth/firebase","https://www.googleapis.com/auth/cloud-platform"]
[debug] [2025-09-30T02:05:20.492Z] > authorizing via signed-in user (andrew.theiss@gmail.com)
[debug] [2025-09-30T02:05:20.492Z] [iam] checking project learnhw for permissions ["firebase.projects.get"]
[debug] [2025-09-30T02:05:20.493Z] Checked if tokens are valid: true, expires at: 1759201418271
[debug] [2025-09-30T02:05:20.493Z] Checked if tokens are valid: true, expires at: 1759201418271
[debug] [2025-09-30T02:05:20.494Z] >>> [apiv2][query] POST https://cloudresourcemanager.googleapis.com/v1/projects/learnhw:testIamPermissions [none]
[debug] [2025-09-30T02:05:20.494Z] >>> [apiv2][(partial)header] POST https://cloudresourcemanager.googleapis.com/v1/projects/learnhw:testIamPermissions x-goog-quota-user=projects/learnhw
[debug] [2025-09-30T02:05:20.494Z] >>> [apiv2][body] POST https://cloudresourcemanager.googleapis.com/v1/projects/learnhw:testIamPermissions {"permissions":["firebase.projects.get"]}
[debug] [2025-09-30T02:05:20.723Z] <<< [apiv2][status] POST https://cloudresourcemanager.googleapis.com/v1/projects/learnhw:testIamPermissions 200
[debug] [2025-09-30T02:05:20.723Z] <<< [apiv2][body] POST https://cloudresourcemanager.googleapis.com/v1/projects/learnhw:testIamPermissions {"permissions":["firebase.projects.get"]}
[debug] [2025-09-30T02:05:20.723Z] Checked if tokens are valid: true, expires at: 1759201418271
[debug] [2025-09-30T02:05:20.723Z] Checked if tokens are valid: true, expires at: 1759201418271
[debug] [2025-09-30T02:05:20.723Z] >>> [apiv2][query] GET https://cloudresourcemanager.googleapis.com/v1/projects/learnhw [none]
[debug] [2025-09-30T02:05:20.831Z] <<< [apiv2][status] GET https://cloudresourcemanager.googleapis.com/v1/projects/learnhw 200
[debug] [2025-09-30T02:05:20.832Z] <<< [apiv2][body] GET https://cloudresourcemanager.googleapis.com/v1/projects/learnhw {"projectNumber":"784730197465","projectId":"learnhw","lifecycleState":"ACTIVE","name":"learnhw","labels":{"firebase":"enabled","firebase-core":"disabled"},"createTime":"2025-09-30T00:35:09.873556Z"}
[info] 
[info] === Serving from 'C:\Users\andre\Documents\Git\ClassResources'...
[info] 
[debug] [2025-09-30T02:05:20.833Z] Checked if tokens are valid: true, expires at: 1759201418271
[debug] [2025-09-30T02:05:20.833Z] Checked if tokens are valid: true, expires at: 1759201418271
[debug] [2025-09-30T02:05:20.833Z] >>> [apiv2][query] GET https://firebasehosting.googleapis.com/v1beta1/projects/learnhw/sites 
[debug] [2025-09-30T02:05:21.209Z] <<< [apiv2][status] GET https://firebasehosting.googleapis.com/v1beta1/projects/learnhw/sites 200
[debug] [2025-09-30T02:05:21.209Z] <<< [apiv2][body] GET https://firebasehosting.googleapis.com/v1beta1/projects/learnhw/sites {"sites":[{"name":"projects/learnhw/sites/learnhw","defaultUrl":"https://learnhw.web.app","type":"DEFAULT_SITE"}]}
[debug] [2025-09-30T02:05:21.209Z] Checked if tokens are valid: true, expires at: 1759201418271
[debug] [2025-09-30T02:05:21.209Z] Checked if tokens are valid: true, expires at: 1759201418271
[debug] [2025-09-30T02:05:21.209Z] >>> [apiv2][query] GET https://firebase.googleapis.com/v1beta1/projects/learnhw/webApps/-/config [none]
[debug] [2025-09-30T02:05:21.498Z] <<< [apiv2][status] GET https://firebase.googleapis.com/v1beta1/projects/learnhw/webApps/-/config 200
[debug] [2025-09-30T02:05:21.498Z] <<< [apiv2][body] GET https://firebase.googleapis.com/v1beta1/projects/learnhw/webApps/-/config {"projectId":"learnhw","storageBucket":"learnhw.firebasestorage.app","apiKey":"AIzaSyABz50rKzTg9PPnIc5KNmm24sIyRGOlFDM","authDomain":"learnhw.firebaseapp.com","messagingSenderId":"784730197465"}
[debug] [2025-09-30T02:05:21.502Z] Checked if tokens are valid: true, expires at: 1759201418271
[debug] [2025-09-30T02:05:21.502Z] Checked if tokens are valid: true, expires at: 1759201418271
[debug] [2025-09-30T02:05:21.502Z] >>> [apiv2][query] GET https://firebase.googleapis.com/v1beta1/projects/learnhw [none]
[debug] [2025-09-30T02:05:21.602Z] <<< [apiv2][status] GET https://firebase.googleapis.com/v1beta1/projects/learnhw 200
[debug] [2025-09-30T02:05:21.602Z] <<< [apiv2][body] GET https://firebase.googleapis.com/v1beta1/projects/learnhw {"projectId":"learnhw","projectNumber":"784730197465","displayName":"learnhw","name":"projects/learnhw","resources":{"hostingSite":"learnhw"},"state":"ACTIVE","etag":"1_e40b5735-a7a7-4327-8459-1e23c46797a4"}
[info] i  hosting[learnhw]: Serving hosting files from: public {"metadata":{"emulator":{"name":"hosting"},"message":"Serving hosting files from: \u001b[1mpublic\u001b[22m"}}
[info] +  hosting[learnhw]: Local server: http://localhost:5000 {"metadata":{"emulator":{"name":"hosting"},"message":"Local server: \u001b[4m\u001b[1mhttp://localhost:5000\u001b[22m\u001b[24m"}}
[info] i  hosting: ::1 - - [30/Sep/2025:02:05:23 +0000] "GET / HTTP/1.1" 200 - "-" "Mozilla/5.0 (Windows NT 10.0; Win64; x64) AppleWebKit/537.36 (KHTML, like Gecko) Chrome/140.0.0.0 Safari/537.36" {"metadata":{"emulator":{"name":"hosting"},"message":"::1 - - [30/Sep/2025:02:05:23 +0000] \"GET / HTTP/1.1\" 200 - \"-\" \"Mozilla/5.0 (Windows NT 10.0; Win64; x64) AppleWebKit/537.36 (KHTML, like Gecko) Chrome/140.0.0.0 Safari/537.36\""}}
[info] i  hosting: ::1 - - [30/Sep/2025:02:05:23 +0000] "GET /static/math/widgets/shared/styles.css HTTP/1.1" 200 - "http://localhost:5000/" "Mozilla/5.0 (Windows NT 10.0; Win64; x64) AppleWebKit/537.36 (KHTML, like Gecko) Chrome/140.0.0.0 Safari/537.36" {"metadata":{"emulator":{"name":"hosting"},"message":"::1 - - [30/Sep/2025:02:05:23 +0000] \"GET /static/math/widgets/shared/styles.css HTTP/1.1\" 200 - \"http://localhost:5000/\" \"Mozilla/5.0 (Windows NT 10.0; Win64; x64) AppleWebKit/537.36 (KHTML, like Gecko) Chrome/140.0.0.0 Safari/537.36\""}}
[info] i  hosting: ::1 - - [30/Sep/2025:02:05:24 +0000] "GET /favicon.ico HTTP/1.1" 404 150 "http://localhost:5000/" "Mozilla/5.0 (Windows NT 10.0; Win64; x64) AppleWebKit/537.36 (KHTML, like Gecko) Chrome/140.0.0.0 Safari/537.36" {"metadata":{"emulator":{"name":"hosting"},"message":"::1 - - [30/Sep/2025:02:05:24 +0000] \"GET /favicon.ico HTTP/1.1\" 404 150 \"http://localhost:5000/\" \"Mozilla/5.0 (Windows NT 10.0; Win64; x64) AppleWebKit/537.36 (KHTML, like Gecko) Chrome/140.0.0.0 Safari/537.36\""}}
[info] i  hosting: ::1 - - [30/Sep/2025:02:05:27 +0000] "GET /static/code/index.html HTTP/1.1" 200 - "http://localhost:5000/" "Mozilla/5.0 (Windows NT 10.0; Win64; x64) AppleWebKit/537.36 (KHTML, like Gecko) Chrome/140.0.0.0 Safari/537.36" {"metadata":{"emulator":{"name":"hosting"},"message":"::1 - - [30/Sep/2025:02:05:27 +0000] \"GET /static/code/index.html HTTP/1.1\" 200 - \"http://localhost:5000/\" \"Mozilla/5.0 (Windows NT 10.0; Win64; x64) AppleWebKit/537.36 (KHTML, like Gecko) Chrome/140.0.0.0 Safari/537.36\""}}
